Arguments: 
  /usr/local/bin/node /usr/local/Cellar/yarn/1.19.1/libexec/bin/yarn.js install

PATH: 
  /usr/local/bin:/usr/bin:/bin:/usr/sbin:/sbin:/usr/local/share/dotnet:/usr/local/munki:~/.dotnet/tools

Yarn version: 
  1.19.1

Node version: 
  10.16.0

Platform: 
  darwin x64

Trace: 
  SyntaxError: /Users/jakubcova/Documents/open-catan/open-catan-elm/package.json: Unexpected token } in JSON at position 1626
      at JSON.parse (<anonymous>)
      at /usr/local/Cellar/yarn/1.19.1/libexec/lib/cli.js:1625:59
      at Generator.next (<anonymous>)
      at step (/usr/local/Cellar/yarn/1.19.1/libexec/lib/cli.js:304:30)
      at /usr/local/Cellar/yarn/1.19.1/libexec/lib/cli.js:315:13

npm manifest: 
  {
      "private": true,
      "scripts": {
        "clean": "rimraf elm-stuff",
        "dev": "run-s clean dev:start",
        "dev:start": "cross-env BROWSER=none elm-app start",
        "dev:nodebug": "cross-env ELM_DEBUGGER=false run-s dev",
        "build": "run-s build:app",
        "build:app": "elm-app build",
        "precommit": "run-s --print-name format test i18n:missing-translations",
        "format": "run-s format:elm-format format:prettier",
        "format:elm-format": "elm-format --yes ./src/ ./tests/",
        "format:prettier": "prettier --write \"bin/**/*.js\" \"src/**/*.js\" \"src/**/*.json\" public/manifest.json README.md elm-analyse.json",
        "elm:install": "elm-app install",
        "elm:analyse": "elm-analyse --elm-format-path ./node_modules/.bin/elm-format",
        "elm:analyse:serve": "run-s \"elm:analyse --serve --port 3030\"",
        "prettier": "prettier --write 'src/**/*.js' public/manifest.json",
        "test": "elm-app test",
        "test:coverage": "elm-coverage --elm-test ./node_modules/.bin/elm-test",
        "test:watch": "run-s \"test --watch\"",
        "svgo": "svgo -f ./public/images/svg-assets/"
      },
      "dependencies": {
        "bulma": "0.5.1",
        "create-elm-app": "^4.1.1",
        "css-element-queries": "^1.2.0",
        "ramda": "0.26.1",
        "urijs": "^1.19.2"
      },
      "devDependencies": {
        "chalk": "2.4.1",
        "clear-cli": "^1.0.1",
        "cross-env": "^6.0.3",
        "elm": "^0.19.1-3",
        "elm-analyse": "^0.16.5",
        "elm-coverage": "0.2.0",
        "elm-css": "^0.6.1",
        "elm-format": "^0.8.2",
        "npm-run-all": "^4.1.3",
        "prettier": "^1.19.1",
      }
    }

yarn manifest: 
  No manifest

Lockfile: 
  # THIS IS AN AUTOGENERATED FILE. DO NOT EDIT THIS FILE DIRECTLY.
  # yarn lockfile v1
